<?xml version="1.0" encoding="UTF-8"?>
<!-- Generated by org.testng.reporters.JUnitReportReporter -->
<testsuite hostname="DESKTOP-A60CBK5" failures="0" tests="3" name="TESTCASE.ADVAN_SEARCH" time="15.340" errors="0" timestamp="2022-11-17T11:49:46 IST" skipped="0">
  <testcase classname="TESTCASE.ADVAN_SEARCH" name="advance_search" time="6.233"/>
  <system-out/>
  <testcase classname="TESTCASE.ADVAN_SEARCH" name="advance_search" time="4.473"/>
  <system-out/>
  <testcase classname="TESTCASE.ADVAN_SEARCH" name="advance_search" time="4.634"/>
  <system-out/>
</testsuite> <!-- TESTCASE.ADVAN_SEARCH -->
