<?xml version="1.0" encoding="UTF-8"?>
<!-- Generated by org.testng.reporters.JUnitReportReporter -->
<testsuite hostname="DESKTOP-A60CBK5" failures="0" tests="3" name="TESTNG_PRACTISE.A2" time="0.050" errors="0" timestamp="2022-11-11T09:54:45 IST" skipped="0">
  <testcase classname="TESTNG_PRACTISE.A2" name="search" time="0.014"/>
  <system-out/>
  <testcase classname="TESTNG_PRACTISE.A2" name="advancedsearch" time="0.019"/>
  <system-out/>
  <testcase classname="TESTNG_PRACTISE.A2" name="wishlist" time="0.017"/>
  <system-out/>
</testsuite> <!-- TESTNG_PRACTISE.A2 -->
