<?xml version="1.0" encoding="UTF-8"?>
<!-- Generated by org.testng.reporters.JUnitReportReporter -->
<testsuite hostname="DESKTOP-A60CBK5" failures="0" tests="1" name="TESTNG_BASICS.WW_BASICS1" time="70.721" errors="0" timestamp="2022-11-08T13:02:01 IST" skipped="0">
  <testcase classname="TESTNG_BASICS.WW_BASICS1" name="demo" time="70.721"/>
  <system-out/>
</testsuite> <!-- TESTNG_BASICS.WW_BASICS1 -->
