<?xml version="1.0" encoding="UTF-8"?>
<!-- Generated by org.testng.reporters.JUnitReportReporter -->
<testsuite hostname="DESKTOP-A60CBK5" failures="0" tests="2" name="TESTNG_BASICS.WW_PRIORITY" time="0.038" errors="0" timestamp="2022-11-10T12:43:18 IST" skipped="0">
  <testcase classname="TESTNG_BASICS.WW_PRIORITY" name="Login" time="0.027"/>
  <system-out/>
  <testcase classname="TESTNG_BASICS.WW_PRIORITY" name="Search" time="0.011"/>
  <system-out/>
</testsuite> <!-- TESTNG_BASICS.WW_PRIORITY -->
