<?xml version="1.0" encoding="UTF-8"?>
<!-- Generated by org.testng.reporters.JUnitReportReporter -->
<testsuite hostname="DESKTOP-A60CBK5" failures="0" tests="1" name="DWS_TC_POM.DWS_AddProduct_To_Wishlist" time="0.784" errors="0" timestamp="2022-11-21T16:19:41 IST" skipped="0">
  <testcase classname="DWS_TC_POM.DWS_AddProduct_To_Wishlist" name="add_Product_To_Wishlist" time="0.784"/>
  <system-out/>
</testsuite> <!-- DWS_TC_POM.DWS_AddProduct_To_Wishlist -->
