<?xml version="1.0" encoding="UTF-8"?>
<!-- Generated by org.testng.reporters.JUnitReportReporter -->
<testsuite hostname="DESKTOP-A60CBK5" failures="0" tests="2" name="TESTNG_BASICS.WW_CRONO_ORDER_ANNOTATIONS" time="0.032" errors="0" timestamp="2022-11-09T13:10:01 IST" skipped="0">
  <testcase classname="TESTNG_BASICS.WW_CRONO_ORDER_ANNOTATIONS" name="DC" time="0.027"/>
  <system-out/>
  <testcase classname="TESTNG_BASICS.WW_CRONO_ORDER_ANNOTATIONS" name="Marvel" time="0.005"/>
  <system-out/>
</testsuite> <!-- TESTNG_BASICS.WW_CRONO_ORDER_ANNOTATIONS -->
