<?xml version="1.0" encoding="UTF-8"?>
<!-- Generated by org.testng.reporters.JUnitReportReporter -->
<testsuite hostname="DESKTOP-A60CBK5" failures="0" tests="5" name="PRACTICE.WW_EXCEL_PRACTICE" time="0.064" errors="0" timestamp="2022-11-16T10:59:44 IST" skipped="0">
  <testcase classname="PRACTICE.WW_EXCEL_PRACTICE" name="register" time="0.003"/>
  <system-out/>
  <testcase classname="PRACTICE.WW_EXCEL_PRACTICE" name="register" time="0.027"/>
  <system-out/>
  <testcase classname="PRACTICE.WW_EXCEL_PRACTICE" name="register" time="0.014"/>
  <system-out/>
  <testcase classname="PRACTICE.WW_EXCEL_PRACTICE" name="register" time="0.014"/>
  <system-out/>
  <testcase classname="PRACTICE.WW_EXCEL_PRACTICE" name="register" time="0.006"/>
  <system-out/>
</testsuite> <!-- PRACTICE.WW_EXCEL_PRACTICE -->
