<?xml version="1.0" encoding="UTF-8"?>
<!-- Generated by org.testng.reporters.JUnitReportReporter -->
<testsuite hostname="DESKTOP-A60CBK5" failures="0" tests="1" name="KSRTC.SEARCH_FOR_BUS" time="7.894" errors="0" timestamp="2022-11-17T12:52:47 IST" skipped="0">
  <testcase classname="KSRTC.SEARCH_FOR_BUS" name="search_bus" time="7.894"/>
  <system-out/>
</testsuite> <!-- KSRTC.SEARCH_FOR_BUS -->
