<?xml version="1.0" encoding="UTF-8"?>
<!-- Generated by org.testng.reporters.JUnitReportReporter -->
<testsuite hostname="DESKTOP-A60CBK5" failures="0" tests="4" name="TESTNG_BASICS.WW_TESTDATA_ITERATIONS" time="0.048" errors="0" timestamp="2022-11-11T16:05:25 IST" skipped="0">
  <testcase classname="TESTNG_BASICS.WW_TESTDATA_ITERATIONS" name="demo" time="0.010"/>
  <system-out/>
  <testcase classname="TESTNG_BASICS.WW_TESTDATA_ITERATIONS" name="demo" time="0.010"/>
  <system-out/>
  <testcase classname="TESTNG_BASICS.WW_TESTDATA_ITERATIONS" name="demo" time="0.021"/>
  <system-out/>
  <testcase classname="TESTNG_BASICS.WW_TESTDATA_ITERATIONS" name="demo" time="0.007"/>
  <system-out/>
</testsuite> <!-- TESTNG_BASICS.WW_TESTDATA_ITERATIONS -->
