<?xml version="1.0" encoding="UTF-8"?>
<!-- Generated by org.testng.reporters.JUnitReportReporter -->
<testsuite hostname="DESKTOP-A60CBK5" failures="0" tests="3" name="TESTNG_PRACTISE.A1" time="0.045" errors="0" timestamp="2022-11-11T09:54:45 IST" skipped="0">
  <testcase classname="TESTNG_PRACTISE.A1" name="register" time="0.030"/>
  <system-out/>
  <testcase classname="TESTNG_PRACTISE.A1" name="login" time="0.007"/>
  <system-out/>
  <testcase classname="TESTNG_PRACTISE.A1" name="logout" time="0.008"/>
  <system-out/>
</testsuite> <!-- TESTNG_PRACTISE.A1 -->
