<?xml version="1.0" encoding="UTF-8"?>
<!-- Generated by org.testng.reporters.JUnitReportReporter -->
<testsuite hostname="DESKTOP-A60CBK5" failures="0" tests="1" name="TESTCASE1.WW_OPEN_SEARCH_1" time="228.061" errors="0" timestamp="2022-11-11T12:34:59 IST" skipped="0">
  <testcase classname="TESTCASE1.WW_OPEN_SEARCH_1" name="search" time="228.061"/>
  <system-out/>
</testsuite> <!-- TESTCASE1.WW_OPEN_SEARCH_1 -->
