<?xml version="1.0" encoding="UTF-8"?>
<!-- Generated by org.testng.reporters.JUnitReportReporter -->
<testsuite hostname="DESKTOP-A60CBK5" failures="0" tests="6" name="TESTNG_PRACTISE.WW_PARALLEL_EXCECUTION" time="161.630" errors="0" timestamp="2022-11-14T11:36:03 IST" skipped="0">
  <testcase classname="TESTNG_PRACTISE.WW_PARALLEL_EXCECUTION" name="trail" time="33.593"/>
  <system-out/>
  <testcase classname="TESTNG_PRACTISE.WW_PARALLEL_EXCECUTION" name="trail" time="18.257"/>
  <system-out/>
  <testcase classname="TESTNG_PRACTISE.WW_PARALLEL_EXCECUTION" name="trail" time="19.083"/>
  <system-out/>
  <testcase classname="TESTNG_PRACTISE.WW_PARALLEL_EXCECUTION" name="trail" time="33.388"/>
  <system-out/>
  <testcase classname="TESTNG_PRACTISE.WW_PARALLEL_EXCECUTION" name="trail" time="15.546"/>
  <system-out/>
  <testcase classname="TESTNG_PRACTISE.WW_PARALLEL_EXCECUTION" name="trail" time="41.763"/>
  <system-out/>
</testsuite> <!-- TESTNG_PRACTISE.WW_PARALLEL_EXCECUTION -->
