<?xml version="1.0" encoding="UTF-8"?>
<!-- Generated by org.testng.reporters.JUnitReportReporter -->
<testsuite hostname="DESKTOP-A60CBK5" failures="0" tests="5" name="TESTNG_BASICS.WW_DWS_LOGIN_TEST_DATA" time="87.142" errors="0" timestamp="2022-11-14T10:27:34 IST" skipped="0">
  <testcase classname="TESTNG_BASICS.WW_DWS_LOGIN_TEST_DATA" name="login" time="17.153"/>
  <system-out/>
  <testcase classname="TESTNG_BASICS.WW_DWS_LOGIN_TEST_DATA" name="login" time="14.413"/>
  <system-out/>
  <testcase classname="TESTNG_BASICS.WW_DWS_LOGIN_TEST_DATA" name="login" time="18.549"/>
  <system-out/>
  <testcase classname="TESTNG_BASICS.WW_DWS_LOGIN_TEST_DATA" name="login" time="22.527"/>
  <system-out/>
  <testcase classname="TESTNG_BASICS.WW_DWS_LOGIN_TEST_DATA" name="login" time="14.500"/>
  <system-out/>
</testsuite> <!-- TESTNG_BASICS.WW_DWS_LOGIN_TEST_DATA -->
