<?xml version="1.0" encoding="UTF-8"?>
<!-- Generated by org.testng.reporters.JUnitReportReporter -->
<testsuite hostname="DESKTOP-A60CBK5" failures="0" tests="1" name="TESTNG_BASICS.WW_TESTDATA" time="0.018" errors="0" timestamp="2022-11-11T15:30:31 IST" skipped="0">
  <testcase classname="TESTNG_BASICS.WW_TESTDATA" name="demo" time="0.018"/>
  <system-out/>
</testsuite> <!-- TESTNG_BASICS.WW_TESTDATA -->
