<?xml version="1.0" encoding="UTF-8"?>
<!-- Generated by org.testng.reporters.JUnitReportReporter -->
<testsuite hostname="DESKTOP-A60CBK5" failures="0" tests="3" name="TESTNG_BASICS.WW_INVOCATION_THREADPOOL" time="308.117" errors="0" timestamp="2022-11-11T11:56:51 IST" skipped="0">
  <testcase classname="TESTNG_BASICS.WW_INVOCATION_THREADPOOL" name="login" time="102.700"/>
  <system-out/>
  <testcase classname="TESTNG_BASICS.WW_INVOCATION_THREADPOOL" name="login" time="102.699"/>
  <system-out/>
  <testcase classname="TESTNG_BASICS.WW_INVOCATION_THREADPOOL" name="login" time="102.718"/>
  <system-out/>
</testsuite> <!-- TESTNG_BASICS.WW_INVOCATION_THREADPOOL -->
