<?xml version="1.0" encoding="UTF-8"?>
<!-- Generated by org.testng.reporters.JUnitReportReporter -->
<testsuite hostname="DESKTOP-A60CBK5" failures="0" tests="1" name="TESTNG_BASICS.M2" time="0.014" errors="0" timestamp="2022-11-10T17:16:34 IST" skipped="0">
  <testcase classname="TESTNG_BASICS.M2" name="Search" time="0.014"/>
  <system-out/>
</testsuite> <!-- TESTNG_BASICS.M2 -->
