<?xml version="1.0" encoding="UTF-8"?>
<!-- Generated by org.testng.reporters.JUnitReportReporter -->
<testsuite hostname="DESKTOP-A60CBK5" failures="0" tests="5" name="TESTNG_BASICS.WW_DWS_REGISTER_TESTDATA" time="86.696" errors="0" timestamp="2022-11-11T18:04:55 IST" skipped="0">
  <testcase classname="TESTNG_BASICS.WW_DWS_REGISTER_TESTDATA" name="register" time="17.652"/>
  <system-out/>
  <testcase classname="TESTNG_BASICS.WW_DWS_REGISTER_TESTDATA" name="register" time="19.025"/>
  <system-out/>
  <testcase classname="TESTNG_BASICS.WW_DWS_REGISTER_TESTDATA" name="register" time="16.165"/>
  <system-out/>
  <testcase classname="TESTNG_BASICS.WW_DWS_REGISTER_TESTDATA" name="register" time="15.999"/>
  <system-out/>
  <testcase classname="TESTNG_BASICS.WW_DWS_REGISTER_TESTDATA" name="register" time="17.855"/>
  <system-out/>
</testsuite> <!-- TESTNG_BASICS.WW_DWS_REGISTER_TESTDATA -->
