<?xml version="1.0" encoding="UTF-8"?>
<!-- Generated by org.testng.reporters.JUnitReportReporter -->
<testsuite hostname="DESKTOP-A60CBK5" failures="0" tests="3" name="TESTNG_BASICS.WW_INVOCATION_THREADPOOL_1" time="170.826" errors="0" timestamp="2022-11-11T12:06:01 IST" skipped="0">
  <testcase classname="TESTNG_BASICS.WW_INVOCATION_THREADPOOL_1" name="search" time="56.802"/>
  <system-out/>
  <testcase classname="TESTNG_BASICS.WW_INVOCATION_THREADPOOL_1" name="search" time="57.308"/>
  <system-out/>
  <testcase classname="TESTNG_BASICS.WW_INVOCATION_THREADPOOL_1" name="search" time="56.716"/>
  <system-out/>
</testsuite> <!-- TESTNG_BASICS.WW_INVOCATION_THREADPOOL_1 -->
