<?xml version="1.0" encoding="UTF-8"?>
<!-- Generated by org.testng.reporters.JUnitReportReporter -->
<testsuite hostname="DESKTOP-A60CBK5" failures="0" tests="1" name="TESTCASE1.WW_OPEN_SEARCH" time="220.950" errors="0" timestamp="2022-11-11T12:35:00 IST" skipped="0">
  <testcase classname="TESTCASE1.WW_OPEN_SEARCH" name="search" time="220.950"/>
  <system-out/>
</testsuite> <!-- TESTCASE1.WW_OPEN_SEARCH -->
