<?xml version="1.0" encoding="UTF-8"?>
<!-- Generated by org.testng.reporters.JUnitReportReporter -->
<testsuite hostname="DESKTOP-A60CBK5" failures="0" tests="3" name="TESTNG_BASICS.WW_MULTIPLE_TESTCASE" time="0.039" errors="0" timestamp="2022-11-09T12:23:26 IST" skipped="0">
  <testcase classname="TESTNG_BASICS.WW_MULTIPLE_TESTCASE" name="inox" time="0.029"/>
  <system-out/>
  <testcase classname="TESTNG_BASICS.WW_MULTIPLE_TESTCASE" name="urvashi" time="0.006"/>
  <system-out/>
  <testcase classname="TESTNG_BASICS.WW_MULTIPLE_TESTCASE" name="pvr" time="0.004"/>
  <system-out/>
</testsuite> <!-- TESTNG_BASICS.WW_MULTIPLE_TESTCASE -->
