<?xml version="1.0" encoding="UTF-8"?>
<!-- Generated by org.testng.reporters.JUnitReportReporter -->
<testsuite hostname="DESKTOP-A60CBK5" failures="0" tests="1" name="TESTCASE1.COMP_ACCESORIES" time="2.242" errors="0" timestamp="2022-11-15T09:54:24 IST" skipped="0">
  <testcase classname="TESTCASE1.COMP_ACCESORIES" name="comp" time="2.242"/>
  <system-out/>
</testsuite> <!-- TESTCASE1.COMP_ACCESORIES -->
