<?xml version="1.0" encoding="UTF-8"?>
<!-- Generated by org.testng.reporters.JUnitReportReporter -->
<testsuite hostname="DESKTOP-A60CBK5" failures="0" tests="1" name="TESTCASE1.ADVAN_SEARCH" time="6.422" errors="0" timestamp="2022-11-14T22:20:04 IST" skipped="0">
  <testcase classname="TESTCASE1.ADVAN_SEARCH" name="advance_search" time="6.422"/>
  <system-out/>
</testsuite> <!-- TESTCASE1.ADVAN_SEARCH -->
