<?xml version="1.0" encoding="UTF-8"?>
<!-- Generated by org.testng.reporters.JUnitReportReporter -->
<testsuite hostname="DESKTOP-A60CBK5" failures="0" tests="1" name="TESTNG_BASICS.WW_EXCEL" time="1.530" errors="0" timestamp="2022-11-15T17:48:55 IST" skipped="0">
  <testcase classname="TESTNG_BASICS.WW_EXCEL" name="excel" time="1.530"/>
  <system-out/>
</testsuite> <!-- TESTNG_BASICS.WW_EXCEL -->
