<?xml version="1.0" encoding="UTF-8"?>
<!-- Generated by org.testng.reporters.JUnitReportReporter -->
<testsuite hostname="DESKTOP-A60CBK5" failures="0" tests="1" name="TESTNG_BASICS.WW_PROPERTY_FILE" time="0.030" errors="0" timestamp="2022-11-15T13:12:08 IST" skipped="0">
  <testcase classname="TESTNG_BASICS.WW_PROPERTY_FILE" name="propertyDemo" time="0.030"/>
  <system-out/>
</testsuite> <!-- TESTNG_BASICS.WW_PROPERTY_FILE -->
