<?xml version="1.0" encoding="UTF-8"?>
<!-- Generated by org.testng.reporters.JUnitReportReporter -->
<testsuite hostname="DESKTOP-A60CBK5" failures="0" tests="3" name="DWS_TC_POM.DWS_SEARCH" time="4.854" errors="0" timestamp="2022-11-21T16:19:42 IST" skipped="0">
  <testcase classname="DWS_TC_POM.DWS_SEARCH" name="search" time="1.836"/>
  <system-out/>
  <testcase classname="DWS_TC_POM.DWS_SEARCH" name="search" time="1.567"/>
  <system-out/>
  <testcase classname="DWS_TC_POM.DWS_SEARCH" name="search" time="1.451"/>
  <system-out/>
</testsuite> <!-- DWS_TC_POM.DWS_SEARCH -->
