<?xml version="1.0" encoding="UTF-8"?>
<!-- Generated by org.testng.reporters.JUnitReportReporter -->
<testsuite hostname="DESKTOP-A60CBK5" failures="0" tests="1" name="TESTNG_BASICS.WW_Excel_Iteration" time="1.428" errors="0" timestamp="2022-11-16T15:38:04 IST" skipped="0">
  <testcase classname="TESTNG_BASICS.WW_Excel_Iteration" name="Excel" time="1.428"/>
  <system-out/>
</testsuite> <!-- TESTNG_BASICS.WW_Excel_Iteration -->
