<?xml version="1.0" encoding="UTF-8"?>
<!-- Generated by org.testng.reporters.JUnitReportReporter -->
<testsuite hostname="DESKTOP-A60CBK5" failures="0" tests="1" name="DWS_TC_POM.DWS_Subscribe" time="0.553" errors="0" timestamp="2022-11-21T16:19:42 IST" skipped="0">
  <testcase classname="DWS_TC_POM.DWS_Subscribe" name="subscribe" time="0.553"/>
  <system-out/>
</testsuite> <!-- DWS_TC_POM.DWS_Subscribe -->
