<?xml version="1.0" encoding="UTF-8"?>
<!-- Generated by org.testng.reporters.JUnitReportReporter -->
<testsuite hostname="DESKTOP-A60CBK5" failures="0" tests="1" name="DWS_TC_POM.DWS_ADDING_PRODUCT_TO_SC" time="4.229" errors="0" timestamp="2022-11-21T16:19:42 IST" skipped="0">
  <testcase classname="DWS_TC_POM.DWS_ADDING_PRODUCT_TO_SC" name="addToCart" time="4.229"/>
  <system-out/>
</testsuite> <!-- DWS_TC_POM.DWS_ADDING_PRODUCT_TO_SC -->
