<?xml version="1.0" encoding="UTF-8"?>
<!-- Generated by org.testng.reporters.JUnitReportReporter -->
<testsuite hostname="DESKTOP-A60CBK5" failures="0" tests="2" name="TESTNG_BASICS.MI" time="0.049" errors="0" timestamp="2022-11-10T17:16:34 IST" skipped="0">
  <testcase classname="TESTNG_BASICS.MI" name="Register" time="0.018"/>
  <system-out/>
  <testcase classname="TESTNG_BASICS.MI" name="Login" time="0.031"/>
  <system-out/>
</testsuite> <!-- TESTNG_BASICS.MI -->
