<?xml version="1.0" encoding="UTF-8"?>
<!-- Generated by org.testng.reporters.JUnitReportReporter -->
<testsuite hostname="DESKTOP-A60CBK5" failures="0" tests="3" name="TESTCASE.Search_TC" time="12.884" errors="0" timestamp="2022-11-17T09:59:21 IST" skipped="0">
  <testcase classname="TESTCASE.Search_TC" name="search" time="1.970"/>
  <system-out/>
  <testcase classname="TESTCASE.Search_TC" name="search" time="5.289"/>
  <system-out/>
  <testcase classname="TESTCASE.Search_TC" name="search" time="5.625"/>
  <system-out/>
</testsuite> <!-- TESTCASE.Search_TC -->
