<?xml version="1.0" encoding="UTF-8"?>
<!-- Generated by org.testng.reporters.JUnitReportReporter -->
<testsuite hostname="DESKTOP-A60CBK5" failures="0" tests="2" name="TESTNG_BASICS.WW_DEPENDENTONMETHOD" time="0.028" errors="0" timestamp="2022-11-10T12:30:41 IST" skipped="0">
  <testcase classname="TESTNG_BASICS.WW_DEPENDENTONMETHOD" name="Register" time="0.016"/>
  <system-out/>
  <testcase classname="TESTNG_BASICS.WW_DEPENDENTONMETHOD" name="Login" time="0.012"/>
  <system-out/>
</testsuite> <!-- TESTNG_BASICS.WW_DEPENDENTONMETHOD -->
