<?xml version="1.0" encoding="UTF-8"?>
<!-- Generated by org.testng.reporters.JUnitReportReporter -->
<testsuite hostname="DESKTOP-A60CBK5" failures="0" tests="1" name="TESTCASE1.WW_PARAMETER_1" time="148.747" errors="0" timestamp="2022-11-16T09:44:40 IST" skipped="0">
  <testcase classname="TESTCASE1.WW_PARAMETER_1" name="search" time="148.747"/>
  <system-out/>
</testsuite> <!-- TESTCASE1.WW_PARAMETER_1 -->
