<?xml version="1.0" encoding="UTF-8"?>
<!-- Generated by org.testng.reporters.JUnitReportReporter -->
<testsuite hostname="DESKTOP-A60CBK5" failures="0" tests="1" name="TESTNG_BASICS.WW_BASICS" time="0.030" errors="0" timestamp="2022-11-08T12:54:09 IST" skipped="0">
  <testcase classname="TESTNG_BASICS.WW_BASICS" name="Demo" time="0.030"/>
  <system-out/>
</testsuite> <!-- TESTNG_BASICS.WW_BASICS -->
