<?xml version="1.0" encoding="UTF-8"?>
<!-- Generated by org.testng.reporters.JUnitReportReporter -->
<testsuite hostname="DESKTOP-A60CBK5" failures="0" tests="3" name="DWS_TC_POM.DWS_COMMUNITY_POLL" time="1.480" errors="0" timestamp="2022-11-21T16:19:41 IST" skipped="0">
  <testcase classname="DWS_TC_POM.DWS_COMMUNITY_POLL" name="vote_in_community_poll" time="0.484"/>
  <system-out/>
  <testcase classname="DWS_TC_POM.DWS_COMMUNITY_POLL" name="vote_in_community_poll" time="0.476"/>
  <system-out/>
  <testcase classname="DWS_TC_POM.DWS_COMMUNITY_POLL" name="vote_in_community_poll" time="0.520"/>
  <system-out/>
</testsuite> <!-- DWS_TC_POM.DWS_COMMUNITY_POLL -->
